[00:00:00       ] $ find /data/orange-ci/runner/1928392548777652224/* -mindepth 0 -maxdepth 0 -type d | wc -l
[00:00:00  +85ms] find: '/data/orange-ci/runner/1928392548777652224/*': No such file or directory
[00:00:00   +0ms] 0
[00:00:00 +102ms] exit code: 0, signal: 0
[00:00:00  +64ms] $ cgcreate -g cpuset:cnb-4u8-1jd53mf1c-001 && echo '53-60' > /sys/fs/cgroup/cpuset/cnb-4u8-1jd53mf1c-001/cpuset.cpus && cgcreate -g cpu:cnb-4u8-1jd53mf1c-001 && echo '800000' > /sys/fs/cgroup/cpu/cnb-4u8-1jd53mf1c-001/cpu.cfs_quota_us && echo 100000 > /sys/fs/cgroup/cpu/cnb-4u8-1jd53mf1c-001/cpu.cfs_period_us && cgcreate -g memory:cnb-4u8-1jd53mf1c-001 && echo '16g' > /sys/fs/cgroup/memory/cnb-4u8-1jd53mf1c-001/memory.limit_in_bytes && echo '16g' > /sys/fs/cgroup/memory/cnb-4u8-1jd53mf1c-001/memory.memsw.limit_in_bytes
[00:00:01 +546ms] exit code: 0, signal: 0
[00:00:01  +33ms] $ mkdir -p /data/orange-ci/runner/1928392548777652224/ && xfs_quota -x -c "project -s -d 0 -p /data/orange-ci/runner/1928392548777652224/ 3347359064" /data/orange-ci && mkdir -p /data/orange-ci/caches/cnb.cool/l-souljourney~souljourney-astro~1928392548777652224 && xfs_quota -x -c "project -s -d 0 -p /data/orange-ci/caches/cnb.cool/l-souljourney~souljourney-astro~1928392548777652224 3709986038" /data/orange-ci && mkdir -p /data/orange-ci/copy-on-write/l-souljourney~souljourney-astro~1928392548777652224 && xfs_quota -x -c "project -s -d 0 -p /data/orange-ci/copy-on-write/l-souljourney~souljourney-astro~1928392548777652224 3146992683" /data/orange-ci && mkdir -p /data/orange-ci/volumes/cnb.cool/l-souljourney~souljourney-astro~1928392548777652224/ && xfs_quota -x -c "project -s -d 0 -p /data/orange-ci/volumes/cnb.cool/l-souljourney~souljourney-astro~1928392548777652224/ 119554862" /data/orange-ci && mkdir -p /data/orange-ci/tmp/cnb-4u8-1jd53mf1c-001/ && xfs_quota -x -c "project -s -d 0 -p /data/orange-ci/tmp/cnb-4u8-1jd53mf1c-001/ 3348837750" /data/orange-ci
[00:00:01  +85ms] Setting up project 3347359064 (path /data/orange-ci/runner/1928392548777652224/)...
[00:00:01   +0ms] Processed 1 (/etc/projects and cmdline) paths for project 3347359064 with recursion depth limited (0).
[00:00:03  +2.1s] Setting up project 3709986038 (path /data/orange-ci/caches/cnb.cool/l-souljourney~souljourney-astro~1928392548777652224)...
[00:00:03   +0ms] Processed 1 (/etc/projects and cmdline) paths for project 3709986038 with recursion depth limited (0).
[00:00:03  +99ms] Setting up project 3146992683 (path /data/orange-ci/copy-on-write/l-souljourney~souljourney-astro~1928392548777652224)...
[00:00:03   +0ms] Processed 1 (/etc/projects and cmdline) paths for project 3146992683 with recursion depth limited (0).
[00:00:03  +53ms] Setting up project 119554862 (path /data/orange-ci/volumes/cnb.cool/l-souljourney~souljourney-astro~1928392548777652224/)...
[00:00:03   +1ms] Processed 1 (/etc/projects and cmdline) paths for project 119554862 with recursion depth limited (0).
[00:00:03   +2ms] Setting up project 3348837750 (path /data/orange-ci/tmp/cnb-4u8-1jd53mf1c-001/)...
[00:00:03   +0ms] Processed 1 (/etc/projects and cmdline) paths for project 3348837750 with recursion depth limited (0).
[00:00:03   +1ms] exit code: 0, signal: 0
[00:00:03  +33ms] $ xfs_quota -x -c 'limit -p bsoft=512G bhard=512G 3347359064' /data/orange-ci && xfs_quota -x -c 'limit -p bsoft=512G bhard=512G 3709986038' /data/orange-ci && xfs_quota -x -c 'limit -p bsoft=512G bhard=512G 3146992683' /data/orange-ci && xfs_quota -x -c 'limit -p bsoft=512G bhard=512G 119554862' /data/orange-ci && xfs_quota -x -c 'limit -p bsoft=256G bhard=256G 3348837750' /data/orange-ci
[00:00:03 +211ms] exit code: 0, signal: 0
[00:00:04 +122ms] $ mkdir -p  /data/orange-ci/caches/cnb.cool/l-souljourney~souljourney-astro~1928392548777652224/-/workspace/node_modules/ && touch  /data/orange-ci/caches/cnb.cool/l-souljourney~souljourney-astro~1928392548777652224/-/ && mkdir -p  /data/orange-ci/copy-on-write/l-souljourney~souljourney-astro~1928392548777652224/cnb-4u8-1jd53mf1c-001-qruof5/upper/ && mkdir -p  /data/orange-ci/copy-on-write/l-souljourney~souljourney-astro~1928392548777652224/cnb-4u8-1jd53mf1c-001-qruof5/work/ && mkdir -p  /data/orange-ci/copy-on-write/l-souljourney~souljourney-astro~1928392548777652224/cnb-4u8-1jd53mf1c-001-qruof5/merged/
[00:00:04  +40ms] exit code: 0, signal: 0
[00:00:04   +6ms] $ extra_opts=""
                  if [ "$(printf '%s\n' "5.10" "$(uname -r | cut -d. -f1,2)" | sort -V | head -n1)" = "5.10" ]; then
                    extra_opts="$extra_opts,volatile"
                  fi
                  if ! mount -t overlay volumes -o lowerdir="/data/orange-ci/caches/cnb.cool/l-souljourney~souljourney-astro~1928392548777652224/-/workspace/node_modules/",upperdir="/data/orange-ci/copy-on-write/l-souljourney~souljourney-astro~1928392548777652224/cnb-4u8-1jd53mf1c-001-qruof5/upper/",workdir="/data/orange-ci/copy-on-write/l-souljourney~souljourney-astro~1928392548777652224/cnb-4u8-1jd53mf1c-001-qruof5/work/",index=off$extra_opts /data/orange-ci/copy-on-write/l-souljourney~souljourney-astro~1928392548777652224/cnb-4u8-1jd53mf1c-001-qruof5/merged/; then
                    mount -t overlay volumes -o lowerdir="/data/orange-ci/caches/cnb.cool/l-souljourney~souljourney-astro~1928392548777652224/-/workspace/node_modules/",upperdir="/data/orange-ci/copy-on-write/l-souljourney~souljourney-astro~1928392548777652224/cnb-4u8-1jd53mf1c-001-qruof5/upper/",workdir="/data/orange-ci/copy-on-write/l-souljourney~souljourney-astro~1928392548777652224/cnb-4u8-1jd53mf1c-001-qruof5/work/",index=off /data/orange-ci/copy-on-write/l-souljourney~souljourney-astro~1928392548777652224/cnb-4u8-1jd53mf1c-001-qruof5/merged/
                  fi
[00:00:04  +33ms] exit code: 0, signal: 0
[00:00:04  +53ms] $ flock -xo -w600 /data/orange-ci/caches/cnb.cool/l-souljourney~souljourney-astro~1928392548777652224/-/workspace/node_modules/ echo done
[00:00:04   +8ms] done
[00:00:04   +0ms] exit code: 0, signal: 0
[00:00:04  +15ms] $ mkdir -p  /data/orange-ci/caches/cnb.cool/l-souljourney~souljourney-astro~1928392548777652224/-/root/.local/share/pnpm/ && touch  /data/orange-ci/caches/cnb.cool/l-souljourney~souljourney-astro~1928392548777652224/-/ && mkdir -p  /data/orange-ci/copy-on-write/l-souljourney~souljourney-astro~1928392548777652224/cnb-4u8-1jd53mf1c-001-duqhm9/upper/ && mkdir -p  /data/orange-ci/copy-on-write/l-souljourney~souljourney-astro~1928392548777652224/cnb-4u8-1jd53mf1c-001-duqhm9/work/ && mkdir -p  /data/orange-ci/copy-on-write/l-souljourney~souljourney-astro~1928392548777652224/cnb-4u8-1jd53mf1c-001-duqhm9/merged/
[00:00:04   +5ms] exit code: 0, signal: 0
[00:00:04  +12ms] $ extra_opts=""
                  if [ "$(printf '%s\n' "5.10" "$(uname -r | cut -d. -f1,2)" | sort -V | head -n1)" = "5.10" ]; then
                    extra_opts="$extra_opts,volatile"
                  fi
                  if ! mount -t overlay volumes -o lowerdir="/data/orange-ci/caches/cnb.cool/l-souljourney~souljourney-astro~1928392548777652224/-/root/.local/share/pnpm/",upperdir="/data/orange-ci/copy-on-write/l-souljourney~souljourney-astro~1928392548777652224/cnb-4u8-1jd53mf1c-001-duqhm9/upper/",workdir="/data/orange-ci/copy-on-write/l-souljourney~souljourney-astro~1928392548777652224/cnb-4u8-1jd53mf1c-001-duqhm9/work/",index=off$extra_opts /data/orange-ci/copy-on-write/l-souljourney~souljourney-astro~1928392548777652224/cnb-4u8-1jd53mf1c-001-duqhm9/merged/; then
                    mount -t overlay volumes -o lowerdir="/data/orange-ci/caches/cnb.cool/l-souljourney~souljourney-astro~1928392548777652224/-/root/.local/share/pnpm/",upperdir="/data/orange-ci/copy-on-write/l-souljourney~souljourney-astro~1928392548777652224/cnb-4u8-1jd53mf1c-001-duqhm9/upper/",workdir="/data/orange-ci/copy-on-write/l-souljourney~souljourney-astro~1928392548777652224/cnb-4u8-1jd53mf1c-001-duqhm9/work/",index=off /data/orange-ci/copy-on-write/l-souljourney~souljourney-astro~1928392548777652224/cnb-4u8-1jd53mf1c-001-duqhm9/merged/
                  fi
[00:00:04   +6ms] exit code: 0, signal: 0
[00:00:04  +10ms] $ flock -xo -w600 /data/orange-ci/caches/cnb.cool/l-souljourney~souljourney-astro~1928392548777652224/-/root/.local/share/pnpm/ echo done
[00:00:04   +2ms] done
[00:00:04   +0ms] exit code: 0, signal: 0
[00:00:04   +5ms] $ mkdir -p  /data/orange-ci/caches/cnb.cool/l-souljourney~souljourney-astro~1928392548777652224/-/root/.cache/pnpm/ && touch  /data/orange-ci/caches/cnb.cool/l-souljourney~souljourney-astro~1928392548777652224/-/ && mkdir -p  /data/orange-ci/copy-on-write/l-souljourney~souljourney-astro~1928392548777652224/cnb-4u8-1jd53mf1c-001-beg1ig/upper/ && mkdir -p  /data/orange-ci/copy-on-write/l-souljourney~souljourney-astro~1928392548777652224/cnb-4u8-1jd53mf1c-001-beg1ig/work/ && mkdir -p  /data/orange-ci/copy-on-write/l-souljourney~souljourney-astro~1928392548777652224/cnb-4u8-1jd53mf1c-001-beg1ig/merged/
[00:00:04  +75ms] exit code: 0, signal: 0
[00:00:04   +6ms] $ extra_opts=""
                  if [ "$(printf '%s\n' "5.10" "$(uname -r | cut -d. -f1,2)" | sort -V | head -n1)" = "5.10" ]; then
                    extra_opts="$extra_opts,volatile"
                  fi
                  if ! mount -t overlay volumes -o lowerdir="/data/orange-ci/caches/cnb.cool/l-souljourney~souljourney-astro~1928392548777652224/-/root/.cache/pnpm/",upperdir="/data/orange-ci/copy-on-write/l-souljourney~souljourney-astro~1928392548777652224/cnb-4u8-1jd53mf1c-001-beg1ig/upper/",workdir="/data/orange-ci/copy-on-write/l-souljourney~souljourney-astro~1928392548777652224/cnb-4u8-1jd53mf1c-001-beg1ig/work/",index=off$extra_opts /data/orange-ci/copy-on-write/l-souljourney~souljourney-astro~1928392548777652224/cnb-4u8-1jd53mf1c-001-beg1ig/merged/; then
                    mount -t overlay volumes -o lowerdir="/data/orange-ci/caches/cnb.cool/l-souljourney~souljourney-astro~1928392548777652224/-/root/.cache/pnpm/",upperdir="/data/orange-ci/copy-on-write/l-souljourney~souljourney-astro~1928392548777652224/cnb-4u8-1jd53mf1c-001-beg1ig/upper/",workdir="/data/orange-ci/copy-on-write/l-souljourney~souljourney-astro~1928392548777652224/cnb-4u8-1jd53mf1c-001-beg1ig/work/",index=off /data/orange-ci/copy-on-write/l-souljourney~souljourney-astro~1928392548777652224/cnb-4u8-1jd53mf1c-001-beg1ig/merged/
                  fi
[00:00:04  +12ms] exit code: 0, signal: 0
[00:00:04   +5ms] $ flock -xo -w600 /data/orange-ci/caches/cnb.cool/l-souljourney~souljourney-astro~1928392548777652224/-/root/.cache/pnpm/ echo done
[00:00:04   +9ms] done
[00:00:04   +0ms] exit code: 0, signal: 0
[00:00:04   +5ms] $ cat /etc/hosts
[00:00:04   +1ms] 127.0.0.1 VM-0-16-tencentos VM-0-16-tencentos
[00:00:04   +0ms] 127.0.0.1 localhost.localdomain localhost
[00:00:04   +0ms] 127.0.0.1 localhost4.localdomain4 localhost4
[00:00:04   +0ms] 
[00:00:04   +0ms] ::1 VM-0-16-tencentos VM-0-16-tencentos
[00:00:04   +0ms] ::1 localhost.localdomain localhost
[00:00:04   +0ms] ::1 localhost6.localdomain6 localhost6
[00:00:04   +0ms] 
[00:00:04   +0ms] exit code: 0, signal: 0
[00:00:04  +11ms] $ docker run -d --rm -e TZ='Asia/Shanghai' -e HTTP_PROXY -e HTTPS_PROXY -e NO_PROXY -e http_proxy -e https_proxy -e no_proxy --ulimit nofile=65535:65535 --sysctl net.ipv4.ping_group_range="0 2147483647"  --cap-drop CAP_NET_RAW --cgroup-parent=/cnb-4u8-1jd53mf1c-001/ --cpus 8 -m 16g --memory-swap 16g --name cnb-4u8-1jd53mf1c-001-network-bus --entrypoint= orangeci/network-bus:latest sleep 79200
[00:00:04 +447ms] e65b79a87477a7d4c7dc8746c5cb201b9a9d9f5b30c41615e009e0b552001985
[00:00:10  +5.8s] exit code: 0, signal: 0
[00:00:10  +31ms] $ docker run --rm --network host --pid=host --cap-add NET_ADMIN --cap-add SYS_ADMIN -v /var/run/docker.sock:/var/run/docker.sock --name cnb-4u8-1jd53mf1c-001-orange-tc orangeci/orange-tc:latest -c cnb-4u8-1jd53mf1c-001-network-bus -d default:56Mbps -d 10.200.254.0/24:3Gbps -d 169.254.0.0/16:8Gbps -u default:56Mbps -u 10.200.254.0/24:1Gbps -u 169.254.0.0/16:8Gbps -a nsenter -b
[00:00:10   +0ms] $ docker pull "orangeci/network-bus:latest"
[00:00:11 +836ms] latest: Pulling from orangeci/network-bus
[00:00:11  +34ms] Digest: sha256:88737276d46f4115fbce2c748dae79c83944e92254f9e64d1247d71f0cacbf08
[00:00:11   +0ms] Status: Image is up to date for orangeci/network-bus:latest
[00:00:11  +13ms] docker.io/orangeci/network-bus:latest
[00:00:11  +78ms] exit code: 0, signal: 0
[00:00:11  +21ms] $ echo "1766476966289 orangeci/network-bus:latest 2025-12-23 04:02:46" >> /data/orange-ci/runner/docker-usage.txt
[00:00:11  +40ms] exit code: 0, signal: 0
[00:00:14  +2.9s] container: cnb-4u8-1jd53mf1c-001-network-bus
[00:00:14   +0ms] mode: 
[00:00:14   +0ms] action: nsenter
[00:00:14   +0ms] batch: true
[00:00:14   +0ms] input downloads: [default:56Mbps 10.200.254.0/24:3Gbps 169.254.0.0/16:8Gbps]
[00:00:14   +0ms] input uploads: [default:56Mbps 10.200.254.0/24:1Gbps 169.254.0.0/16:8Gbps]
[00:00:17  +2.7s] done
[00:00:18  +1.1s] exit code: 0, signal: 0
[00:00:18  +18ms] $ docker run -d --rm -e TZ='Asia/Shanghai' -e HTTP_PROXY -e HTTPS_PROXY -e NO_PROXY -e http_proxy -e https_proxy -e no_proxy --ulimit nofile=65535:65535 --sysctl net.ipv4.ping_group_range="0 2147483647"  --cap-drop CAP_NET_RAW --cgroup-parent=/cnb-4u8-1jd53mf1c-001/ --cpus 8 -m 16g --memory-swap 16g --network container:cnb-4u8-1jd53mf1c-001-network-bus --init --name cnb-4u8-1jd53mf1c-001-pid-bus --entrypoint= orangeci/network-bus:latest sleep 79200
[00:00:18   +0ms] $ docker pull "orangeci/orange-tc:latest"
[00:00:18 +167ms] c2b9a5a4e414c853854a8e599107680e05075c0a83e064f7c23dada827c67cbd
[00:00:19 +530ms] latest: Pulling from orangeci/orange-tc
[00:00:19  +31ms] Digest: sha256:eeddbbb98defbd7db5175879b1fb72ab865c5f7de41ccd0bd1140933e6761132
[00:00:19   +1ms] Status: Image is up to date for orangeci/orange-tc:latest
[00:00:19   +7ms] docker.io/orangeci/orange-tc:latest
[00:00:19  +83ms] exit code: 0, signal: 0
[00:00:19  +17ms] $ echo "1766476974009 orangeci/orange-tc:latest 2025-12-23 04:02:54" >> /data/orange-ci/runner/docker-usage.txt
[00:00:19   +1ms] exit code: 0, signal: 0
[00:00:21  +2.5s] exit code: 0, signal: 0
[00:00:21   +7ms] $ docker pull "orangeci/network-bus:latest"
[00:00:21   +1ms] $ mkdir -p /data/orange-ci/git/cnb.cool/1928392548777652224/cache/ && mkdir -p /data/orange-ci/runner/1928392548777652224/cnb-4u8-1jd53mf1c-001
[00:00:21   +4ms] exit code: 0, signal: 0
[00:00:21  +24ms] $ docker run --rm -e TZ='Asia/Shanghai' -u root --network=host --privileged=true --ulimit nofile=65535:65535 --storage-opt size=256G --shm-size 2g -v /data/orange-ci/git/cnb.cool/1928392548777652224/cache/:/data/orange-ci/git/cnb.cool/1928392548777652224/cache/ -v /data/orange-ci/runner/1928392548777652224/:/yyds:rshared -v /data/orange-ci/runner/:/data/orange-ci/runner/:rshared $ORANGE_ENVS --init --name cnb-4u8-1jd53mf1c-001-git-clone-yyds cnbcool/git-clone-yyds:latest
[00:00:22 +659ms] latest: Pulling from orangeci/network-bus
[00:00:22  +20ms] Digest: sha256:88737276d46f4115fbce2c748dae79c83944e92254f9e64d1247d71f0cacbf08
[00:00:22   +0ms] Status: Image is up to date for orangeci/network-bus:latest
[00:00:22   +2ms] docker.io/orangeci/network-bus:latest
[00:00:22  +61ms] exit code: 0, signal: 0
[00:00:36 +14.3s] use git username/password
[00:00:36   +3ms] git version 2.39.5
[00:00:36   +1ms] file:/etc/gitconfig	filter.lfs.clean=git-lfs clean -- %f
[00:00:36   +0ms] file:/etc/gitconfig	filter.lfs.smudge=git-lfs smudge -- %f
[00:00:36   +0ms] file:/etc/gitconfig	filter.lfs.process=git-lfs filter-process
[00:00:36   +0ms] file:/etc/gitconfig	filter.lfs.required=true
[00:00:36   +0ms] file:/root/.gitconfig	user.name=cnb
[00:00:36   +0ms] file:/root/.gitconfig	user.email=cnb@noreply.cnb.cool
[00:00:36   +0ms] file:/root/.gitconfig	credential.helper=/bin/git-credential
[00:00:36   +0ms] file:/root/.gitconfig	credential.usehttppath=true
[00:00:36   +0ms] file:/root/.gitconfig	url.https://cnb.cool/.insteadof=git@cnb.cool:
[00:00:36   +0ms] file:/root/.gitconfig	url.https://cnb.cool/.insteadof=cnb.cool:
[00:00:36   +0ms] file:/root/.gitconfig	url.https://cnb.cool/.insteadof=http://cnb.cool/
[00:00:36   +0ms] file:/root/.gitconfig	core.quotepath=false
[00:00:36   +0ms] file:/root/.gitconfig	core.autocrlf=false
[00:00:36   +0ms] file:/root/.gitconfig	core.longpaths=true
[00:00:36   +0ms] file:/root/.gitconfig	i18n.commitencoding=utf-8
[00:00:36   +0ms] file:/root/.gitconfig	merge.directoryrenames=false
[00:00:36   +0ms] file:/root/.gitconfig	gc.auto=0
[00:00:36   +0ms] file:/root/.gitconfig	gc.pruneexpire=never
[00:00:36   +0ms] file:/root/.gitconfig	lfs.concurrenttransfers=8
[00:00:36  +25ms] [32m2025-12-23 16:03.11 $[0m lfs-progress-for-git
[00:00:36   +2ms] [32m2025-12-23 16:03.11 $[0m flock -xon /data/orange-ci/git/cnb.cool/1928392548777652224/cache/ /bin/git-clone
[00:00:36   +1ms] [.git] show progress...
[00:00:36  +38ms] [32m2025-12-23 16:03.11 $[0m git remote set-url origin "https://cnb.cool/l-souljourney/souljourney-astro.git"
[00:00:36   +6ms] [32m2025-12-23 16:03.11 $[0m git remote -v
[00:00:36   +1ms] origin	https://cnb.cool/l-souljourney/souljourney-astro.git (fetch)
[00:00:36   +0ms] origin	https://cnb.cool/l-souljourney/souljourney-astro.git (push)
[00:00:36   +2ms] [32m2025-12-23 16:03.11 $[0m git for-each-ref refs/tags/ refs/heads/ refs/remotes/ |wc -l
[00:00:37  +29ms] 2
[00:00:37   +1ms] [32m2025-12-23 16:03.11 $[0m git for-each-ref --format="delete \"%(refname)\"" refs/tags/ refs/heads/ refs/remotes/ |git update-ref --stdin
[00:00:37   +5ms] [32m2025-12-23 16:03.11 $[0m git fetch -v --progress --force --no-recurse-submodules --refmap=+refs/heads/*:refs/remotes/origin/* origin "refs/heads/main"
[00:00:37 +152ms] [git-credential]: user: souljourney
[00:00:37  +33ms] [git-credential]: for https://cnb.cool/l-souljourney/souljourney-astro
[00:00:37   +0ms] [git-credential]: hit self by env
[00:00:37   +0ms] [git-credential]: allow souljourney view true
[00:00:37   +0ms] [git-credential]: done
[00:00:37  +18ms] [git-credential]: store ignored
[00:00:37   +1ms] POST git-upload-pack (371 bytes)
[00:00:37  +21ms] POST git-upload-pack (193 bytes)
[00:00:37  +44ms] remote: Enumerating objects: 95, done.        
[00:00:37   +0ms] remote: Counting objects:   1% (1/95)        
[00:00:37   +0ms] remote: Counting objects:   2% (2/95)        
[00:00:37   +0ms] remote: Counting objects:   3% (3/95)        
[00:00:37   +0ms] remote: Counting objects:   4% (4/95)        
[00:00:37   +0ms] remote: Counting objects:   5% (5/95)        
[00:00:37   +0ms] remote: Counting objects:   6% (6/95)        
[00:00:37   +0ms] remote: Counting objects:   7% (7/95)        
[00:00:37   +0ms] remote: Counting objects:   8% (8/95)        
[00:00:37   +0ms] remote: Counting objects:   9% (9/95)        
[00:00:37   +0ms] remote: Counting objects:  10% (10/95)        
[00:00:37   +0ms] remote: Counting objects:  11% (11/95)        
[00:00:37   +0ms] remote: Counting objects:  12% (12/95)        
[00:00:37   +0ms] remote: Counting objects:  13% (13/95)        
[00:00:37   +0ms] remote: Counting objects:  14% (14/95)        
[00:00:37   +0ms] remote: Counting objects:  15% (15/95)        
[00:00:37   +0ms] remote: Counting objects:  16% (16/95)        
[00:00:37   +0ms] remote: Counting objects:  17% (17/95)        
[00:00:37   +0ms] remote: Counting objects:  18% (18/95)        
[00:00:37   +0ms] remote: Counting objects:  20% (19/95)        
[00:00:37   +0ms] remote: Counting objects:  21% (20/95)        
[00:00:37   +0ms] remote: Counting objects:  22% (21/95)        
[00:00:37   +0ms] remote: Counting objects:  23% (22/95)        
[00:00:37   +0ms] remote: Counting objects:  24% (23/95)        
[00:00:37   +0ms] remote: Counting objects:  25% (24/95)        
[00:00:37   +0ms] remote: Counting objects:  26% (25/95)        
[00:00:37   +0ms] remote: Counting objects:  27% (26/95)        
[00:00:37   +0ms] remote: Counting objects:  28% (27/95)        
[00:00:37   +0ms] remote: Counting objects:  29% (28/95)        
[00:00:37   +0ms] remote: Counting objects:  30% (29/95)        
[00:00:37   +0ms] remote: Counting objects:  31% (30/95)        
[00:00:37   +0ms] remote: Counting objects:  32% (31/95)        
[00:00:37   +0ms] remote: Counting objects:  33% (32/95)        
[00:00:37   +0ms] remote: Counting objects:  34% (33/95)        
[00:00:37   +0ms] remote: Counting objects:  35% (34/95)        
[00:00:37   +0ms] remote: Counting objects:  36% (35/95)        
[00:00:37   +0ms] remote: Counting objects:  37% (36/95)        
[00:00:37   +0ms] remote: Counting objects:  38% (37/95)        
[00:00:37   +0ms] remote: Counting objects:  40% (38/95)        
[00:00:37   +0ms] remote: Counting objects:  41% (39/95)        
[00:00:37   +0ms] remote: Counting objects:  42% (40/95)        
[00:00:37   +0ms] remote: Counting objects:  43% (41/95)        
[00:00:37   +0ms] remote: Counting objects:  44% (42/95)        
[00:00:37   +0ms] remote: Counting objects:  45% (43/95)        
[00:00:37   +0ms] remote: Counting objects:  46% (44/95)        
[00:00:37   +0ms] remote: Counting objects:  47% (45/95)        
[00:00:37   +0ms] remote: Counting objects:  48% (46/95)        
[00:00:37   +0ms] remote: Counting objects:  49% (47/95)        
[00:00:37   +0ms] remote: Counting objects:  50% (48/95)        
[00:00:37   +0ms] remote: Counting objects:  51% (49/95)        
[00:00:37   +0ms] remote: Counting objects:  52% (50/95)        
[00:00:37   +0ms] remote: Counting objects:  53% (51/95)        
[00:00:37   +0ms] remote: Counting objects:  54% (52/95)        
[00:00:37   +0ms] remote: Counting objects:  55% (53/95)        
[00:00:37   +0ms] remote: Counting objects:  56% (54/95)        
[00:00:37   +0ms] remote: Counting objects:  57% (55/95)        
[00:00:37   +0ms] remote: Counting objects:  58% (56/95)        
[00:00:37   +0ms] remote: Counting objects:  60% (57/95)        
[00:00:37   +0ms] remote: Counting objects:  61% (58/95)        
[00:00:37   +0ms] remote: Counting objects:  62% (59/95)        
[00:00:37   +0ms] remote: Counting objects:  63% (60/95)        
[00:00:37   +0ms] remote: Counting objects:  64% (61/95)        
[00:00:37   +0ms] remote: Counting objects:  65% (62/95)        
[00:00:37   +0ms] remote: Counting objects:  66% (63/95)        
[00:00:37   +0ms] remote: Counting objects:  67% (64/95)        
[00:00:37   +0ms] remote: Counting objects:  68% (65/95)        
[00:00:37   +0ms] remote: Counting objects:  69% (66/95)        
[00:00:37   +0ms] remote: Counting objects:  70% (67/95)        
[00:00:37   +0ms] remote: Counting objects:  71% (68/95)        
[00:00:37   +0ms] remote: Counting objects:  72% (69/95)        
[00:00:37   +0ms] remote: Counting objects:  73% (70/95)        
[00:00:37   +0ms] remote: Counting objects:  74% (71/95)        
[00:00:37   +0ms] remote: Counting objects:  75% (72/95)        
[00:00:37   +0ms] remote: Counting objects:  76% (73/95)        
[00:00:37   +0ms] remote: Counting objects:  77% (74/95)        
[00:00:37   +0ms] remote: Counting objects:  78% (75/95)        
[00:00:37   +0ms] remote: Counting objects:  80% (76/95)        
[00:00:37   +0ms] remote: Counting objects:  81% (77/95)        
[00:00:37   +0ms] remote: Counting objects:  82% (78/95)        
[00:00:37   +0ms] remote: Counting objects:  83% (79/95)        
[00:00:37   +0ms] remote: Counting objects:  84% (80/95)        
[00:00:37   +0ms] remote: Counting objects:  85% (81/95)        
[00:00:37   +0ms] remote: Counting objects:  86% (82/95)        
[00:00:37   +0ms] remote: Counting objects:  87% (83/95)        
[00:00:37   +0ms] remote: Counting objects:  88% (84/95)        
[00:00:37   +0ms] remote: Counting objects:  89% (85/95)        
[00:00:37   +0ms] remote: Counting objects:  90% (86/95)        
[00:00:37   +0ms] remote: Counting objects:  91% (87/95)        
[00:00:37   +0ms] remote: Counting objects:  92% (88/95)        
[00:00:37   +0ms] remote: Counting objects:  93% (89/95)        
[00:00:37   +0ms] remote: Counting objects:  94% (90/95)        
[00:00:37   +0ms] remote: Counting objects:  95% (91/95)        
[00:00:37   +1ms] remote: Counting objects:  96% (92/95)        
[00:00:37   +0ms] remote: Counting objects:  97% (93/95)        
[00:00:37   +0ms] remote: Counting objects:  98% (94/95)        
[00:00:37   +0ms] remote: Counting objects: 100% (95/95)        
[00:00:37   +0ms] remote: Counting objects: 100% (95/95), done.        
[00:00:37   +0ms] remote: Compressing objects:   1% (1/56)        
[00:00:37   +0ms] remote: Compressing objects:   3% (2/56)        
[00:00:37   +0ms] remote: Compressing objects:   5% (3/56)        
[00:00:37   +0ms] remote: Compressing objects:   7% (4/56)        
[00:00:37   +0ms] remote: Compressing objects:   8% (5/56)        
[00:00:37   +0ms] remote: Compressing objects:  10% (6/56)        
[00:00:37   +0ms] remote: Compressing objects:  12% (7/56)        
[00:00:37   +0ms] remote: Compressing objects:  14% (8/56)        
[00:00:37   +0ms] remote: Compressing objects:  16% (9/56)        
[00:00:37   +0ms] remote: Compressing objects:  17% (10/56)        
[00:00:37   +0ms] remote: Compressing objects:  19% (11/56)        
[00:00:37   +0ms] remote: Compressing objects:  21% (12/56)        
[00:00:37   +0ms] remote: Compressing objects:  23% (13/56)        
[00:00:37   +0ms] remote: Compressing objects:  25% (14/56)        
[00:00:37   +0ms] remote: Compressing objects:  26% (15/56)        
[00:00:37   +0ms] remote: Compressing objects:  28% (16/56)        
[00:00:37   +0ms] remote: Compressing objects:  30% (17/56)        
[00:00:37   +0ms] remote: Compressing objects:  32% (18/56)        
[00:00:37   +0ms] remote: Compressing objects:  33% (19/56)        
[00:00:37   +0ms] remote: Compressing objects:  35% (20/56)        
[00:00:37   +0ms] remote: Compressing objects:  37% (21/56)        
[00:00:37   +0ms] remote: Compressing objects:  39% (22/56)        
[00:00:37   +0ms] remote: Compressing objects:  41% (23/56)        
[00:00:37   +0ms] remote: Compressing objects:  42% (24/56)        
[00:00:37   +0ms] remote: Compressing objects:  44% (25/56)        
[00:00:37   +0ms] remote: Compressing objects:  46% (26/56)        
[00:00:37   +0ms] remote: Compressing objects:  48% (27/56)        
[00:00:37   +0ms] remote: Compressing objects:  50% (28/56)        
[00:00:37   +0ms] remote: Compressing objects:  51% (29/56)        
[00:00:37   +0ms] remote: Compressing objects:  53% (30/56)        
[00:00:37   +0ms] remote: Compressing objects:  55% (31/56)        
[00:00:37   +0ms] remote: Compressing objects:  57% (32/56)        
[00:00:37   +0ms] remote: Compressing objects:  58% (33/56)        
[00:00:37   +0ms] remote: Compressing objects:  60% (34/56)        
[00:00:37   +0ms] remote: Compressing objects:  62% (35/56)        
[00:00:37   +0ms] remote: Compressing objects:  64% (36/56)        
[00:00:37   +0ms] remote: Compressing objects:  66% (37/56)        
[00:00:37   +0ms] remote: Compressing objects:  67% (38/56)        
[00:00:37   +0ms] remote: Compressing objects:  69% (39/56)        
[00:00:37   +0ms] remote: Compressing objects:  71% (40/56)        
[00:00:37   +0ms] remote: Compressing objects:  73% (41/56)        
[00:00:37   +0ms] remote: Compressing objects:  75% (42/56)        
[00:00:37   +0ms] remote: Compressing objects:  76% (43/56)        
[00:00:37   +0ms] remote: Compressing objects:  78% (44/56)        
[00:00:37   +0ms] remote: Compressing objects:  80% (45/56)        
[00:00:37   +0ms] remote: Compressing objects:  82% (46/56)        
[00:00:37   +0ms] remote: Compressing objects:  83% (47/56)        
[00:00:37   +0ms] remote: Compressing objects:  85% (48/56)        
[00:00:37   +0ms] remote: Compressing objects:  87% (49/56)        
[00:00:37   +0ms] remote: Compressing objects:  89% (50/56)        
[00:00:37   +0ms] remote: Compressing objects:  91% (51/56)        
[00:00:37   +0ms] remote: Compressing objects:  92% (52/56)        
[00:00:37   +0ms] remote: Compressing objects:  94% (53/56)        
[00:00:37   +0ms] remote: Compressing objects:  96% (54/56)        
[00:00:37   +0ms] remote: Compressing objects:  98% (55/56)        
[00:00:37   +0ms] remote: Compressing objects: 100% (56/56)        
[00:00:37   +0ms] remote: Compressing objects: 100% (56/56), done.        
[00:00:37  +26ms] remote: Total 66 (delta 32), reused 0 (delta 0), pack-reused 0        
[00:00:37  +19ms] From https://cnb.cool/l-souljourney/souljourney-astro
[00:00:37   +0ms]  * branch            main       -> FETCH_HEAD
[00:00:37   +0ms]  * [new branch]      main       -> origin/main
[00:00:37   +4ms] [32m2025-12-23 16:03.12 $[0m git update-ref refs/fetched/b54c41b2092c176dc5c86c0c777932a5872545db FETCH_HEAD
[00:00:37   +5ms] [32m2025-12-23 16:03.12 $[0m git checkout -f -B "main" "b54c41b2092c176dc5c86c0c777932a5872545db"
[00:00:39  +1.9s] Your branch is up to date with 'origin/main'.
[00:00:39   +0ms] Reset branch 'main'
[00:00:39  +53ms] [32m2025-12-23 16:03.14 $[0m git clean -ffdx
[00:00:39   +4ms] [32m2025-12-23 16:03.14 $[0m git branch -u "origin/main"
[00:00:39   +2ms] branch 'main' set up to track 'origin/main'.
[00:00:39   +2ms] [32m2025-12-23 16:03.14 $[0m git branch --show-current
[00:00:39   +1ms] main
[00:00:39   +6ms] [32m2025-12-23 16:03.14 $[0m flock -xo /data/orange-ci/git/cnb.cool/1928392548777652224/cache/ echo done
[00:00:39   +2ms] done
[00:00:39   +2ms] [32m2025-12-23 16:03.14 $[0m copy-on-write for /yyds/cnb-4u8-1jd53mf1c-001/workspace
[00:00:39  +74ms] [32m2025-12-23 16:03.14 $[0m cd /yyds/cnb-4u8-1jd53mf1c-001/workspace && /bin/git-checkout
[00:00:39  +50ms] [32m2025-12-23 16:03.14 $[0m git remote set-url origin "https://cnb.cool/l-souljourney/souljourney-astro.git"
[00:00:39   +4ms] [32m2025-12-23 16:03.14 $[0m git remote -v
[00:00:39   +1ms] origin	https://cnb.cool/l-souljourney/souljourney-astro.git (fetch)
[00:00:39   +0ms] origin	https://cnb.cool/l-souljourney/souljourney-astro.git (push)
[00:00:39   +8ms] [32m2025-12-23 16:03.14 $[0m git branch --show-current
[00:00:39   +1ms] main
[00:00:39   +2ms] [32m2025-12-23 16:03.14 $[0m git rev-parse HEAD
[00:00:39   +1ms] b54c41b2092c176dc5c86c0c777932a5872545db
[00:00:39   +1ms] [32m2025-12-23 16:03.14 $[0m skip fetch due to fetched in clone
[00:00:39   +2ms] [32m2025-12-23 16:03.14 $[0m skip checkout due to checkouted in clone
[00:00:39   +1ms] [32m2025-12-23 16:03.14 $[0m skip checkout submodules due to checkouted in clone
[00:00:39   +2ms] [32m2025-12-23 16:03.14 $[0m done
[00:00:39 +316ms] exit code: 0, signal: 0
[00:00:39   +8ms] $ docker pull "cnbcool/git-clone-yyds:latest"
[00:00:39   +0ms] $ du -sb /data/orange-ci/runner/1928392548777652224/cnb-4u8-1jd53mf1c-001/workspace/.git | awk '{print $1}'
[00:00:39   +3ms] 29664784
[00:00:39   +1ms] exit code: 0, signal: 0
[00:00:39   +7ms] $ docker pull "node:18-alpine"
[00:00:40 +641ms] latest: Pulling from cnbcool/git-clone-yyds
[00:00:40  +32ms] 18-alpine: Pulling from library/node
[00:00:40  +31ms] Digest: sha256:3b2b4b7a4e12387f0504d790c4ff6ac112d1a3603c9795b662456aa3d19d6283
[00:00:40   +0ms] Status: Image is up to date for cnbcool/git-clone-yyds:latest
[00:00:40  +18ms] docker.io/cnbcool/git-clone-yyds:latest
[00:00:40   +8ms] exit code: 0, signal: 0
[00:00:40  +40ms] $ echo "1766476995244 cnbcool/git-clone-yyds:latest 2025-12-23 04:03:15" >> /data/orange-ci/runner/docker-usage.txt
[00:00:40   +1ms] exit code: 0, signal: 0
[00:00:40   +8ms] Digest: sha256:8d6421d663b4c28fd3ebc498332f249011d118945588d0a35cb9bc4b8ca09d9e
[00:00:40   +0ms] Status: Image is up to date for node:18-alpine
[00:00:40  +18ms] docker.io/library/node:18-alpine
[00:00:40  +36ms] exit code: 0, signal: 0
[00:00:40  +57ms] $ echo "1766476995348 node:18-alpine 2025-12-23 04:03:15" >> /data/orange-ci/runner/docker-usage.txt
[00:00:40  +34ms] exit code: 0, signal: 0
[00:00:40   +7ms] $ docker run -d --rm -e TZ='Asia/Shanghai' -u root $ORANGE_ENVS --pid container:cnb-4u8-1jd53mf1c-001-pid-bus --network container:cnb-4u8-1jd53mf1c-001-network-bus --ulimit nofile=65535:65535 --sysctl net.ipv4.ping_group_range="0 2147483647"  --cap-drop CAP_NET_RAW --cgroup-parent=/cnb-4u8-1jd53mf1c-001/ --cpus 8 -m 16g --memory-swap 16g --storage-opt size=256G --shm-size 2g --name cnb-4u8-1jd53mf1c-001 -v /etc/localtime:/etc/localtime:ro -v /data/orange-ci/runner/1928392548777652224/cnb-4u8-1jd53mf1c-001/workspace/:/workspace/ -w /workspace/ -v /var/lib/lxcfs/proc/cpuinfo:/proc/cpuinfo -v /var/lib/lxcfs/proc/diskstats:/proc/diskstats -v /var/lib/lxcfs/proc/loadavg:/proc/loadavg -v /var/lib/lxcfs/proc/meminfo:/proc/meminfo -v /var/lib/lxcfs/proc/slabinfo:/proc/slabinfo -v /var/lib/lxcfs/proc/stat:/proc/stat -v /var/lib/lxcfs/proc/swaps:/proc/swaps -v /var/lib/lxcfs/proc/uptime:/proc/uptime -v /var/lib/lxcfs/sys/devices/system/cpu:/sys/devices/system/cpu -v /data/orange-ci/copy-on-write/l-souljourney~souljourney-astro~1928392548777652224/cnb-4u8-1jd53mf1c-001-qruof5/merged/:/workspace/node_modules/ -v /data/orange-ci/copy-on-write/l-souljourney~souljourney-astro~1928392548777652224/cnb-4u8-1jd53mf1c-001-duqhm9/merged/:/root/.local/share/pnpm/ -v /data/orange-ci/copy-on-write/l-souljourney~souljourney-astro~1928392548777652224/cnb-4u8-1jd53mf1c-001-beg1ig/merged/:/root/.cache/pnpm/ --entrypoint= --init node:18-alpine sleep 72000
[00:00:40 +125ms] 4abf394f6cbe8fe4bc0bf245fb656fd31cb2d9cea44c2793f6c4b02ee4dbb7d7
[00:00:42  +1.7s] exit code: 0, signal: 0
[00:00:42  +17ms] $ docker inspect -f '{{.ResolvConfPath}}' cnb-4u8-1jd53mf1c-001
[00:00:42  +15ms] /data/orange-ci/docker/containers/e65b79a87477a7d4c7dc8746c5cb201b9a9d9f5b30c41615e009e0b552001985/resolv.conf
[00:00:42   +1ms] exit code: 0, signal: 0
[00:00:42   +5ms] $ mkdir -p /data/orange-ci/docker/containers/e65b79a87477a7d4c7dc8746c5cb201b9a9d9f5b30c41615e009e0b552001985/ && xfs_quota -x -c "project -s -d 0 -p /data/orange-ci/docker/containers/e65b79a87477a7d4c7dc8746c5cb201b9a9d9f5b30c41615e009e0b552001985/ 864751170" /data/orange-ci && xfs_quota -x -c 'limit -p bsoft=2M bhard=2M 864751170' /data/orange-ci && chattr -p 864751170 /data/orange-ci/docker/containers/e65b79a87477a7d4c7dc8746c5cb201b9a9d9f5b30c41615e009e0b552001985/hosts && chattr -p 864751170 /data/orange-ci/docker/containers/e65b79a87477a7d4c7dc8746c5cb201b9a9d9f5b30c41615e009e0b552001985/hostname && chattr -p 864751170 /data/orange-ci/docker/containers/e65b79a87477a7d4c7dc8746c5cb201b9a9d9f5b30c41615e009e0b552001985/resolv.conf
[00:00:42   +3ms] Setting up project 864751170 (path /data/orange-ci/docker/containers/e65b79a87477a7d4c7dc8746c5cb201b9a9d9f5b30c41615e009e0b552001985/)...
[00:00:42   +0ms] Processed 1 (/etc/projects and cmdline) paths for project 864751170 with recursion depth limited (0).
[00:00:42  +46ms] exit code: 0, signal: 0
[00:00:42 +109ms] $ if [ -e "/workspace/.git" ]; then
                  echo "https://cnb:$GIT_PASSWORD@cnb.cool" > /workspace/.git/.git-credentials;
                  echo "$GIT_CONFIG" >> /workspace/.git/config;
                  echo "$GIT_CONFIG" >> /etc/gitconfig;
                  fi;
[00:00:43 +578ms] exit code: 0, signal: 0
[00:00:43 +201ms] $ npm install -g pnpm@latest
                  pnpm config set registry https://mirrors.cloud.tencent.com/npm/
                  pnpm install --frozen-lockfile
                  pnpm run build
                  echo "✅ 构建完成: $(du -sh dist/ | cut -f1)"
[00:00:47  +3.6s] 
[00:00:47   +1ms] added 1 package in 3s
[00:00:47   +0ms] 
[00:00:47   +0ms] 1 package is looking for funding
[00:00:47   +0ms]   run `npm fund` for details
[00:00:49  +2.4s]  ERR_PNPM_OUTDATED_LOCKFILE  Cannot install with "frozen-lockfile" because pnpm-lock.yaml is not up to date with <ROOT>/package.json
[00:00:49   +0ms] 
[00:00:49   +0ms] Note that in CI environments this setting is true by default. If you still need to run install in such cases, use "pnpm install --no-frozen-lockfile"
[00:00:49   +0ms] 
[00:00:49   +0ms]   Failure reason:
[00:00:49   +0ms]   specifiers in the lockfile don't match specifiers in package.json:
[00:00:49   +0ms] * 1 dependencies were added: @playwright/test@^1.57.0
[00:00:49   +0ms] 
[00:00:49 +134ms] exit code: 1, signal: -1
[00:00:49  +29ms] $ docker run -i --rm --network none --pid=container:cnb-4u8-1jd53mf1c-001 "orangeci/check-is-remote-debugging:latest"
[00:00:52  +2.2s] no debugging is found by tty.
[00:00:52 +351ms] exit code: 1, signal: -1
[00:00:52  +49ms] $ docker pull "orangeci/check-is-remote-debugging:latest"
[00:00:52  +76ms] $ docker kill cnb-4u8-1jd53mf1c-001
[00:00:52 +412ms] cnb-4u8-1jd53mf1c-001
[00:00:52  +32ms] exit code: 0, signal: 0
[00:00:52  +21ms] $ echo "stop /data/orange-ci/copy-on-write/l-souljourney~souljourney-astro~1928392548777652224/cnb-4u8-1jd53mf1c-001-qruof5/merged/ ..."
[00:00:52   +0ms] stop /data/orange-ci/copy-on-write/l-souljourney~souljourney-astro~1928392548777652224/cnb-4u8-1jd53mf1c-001-qruof5/merged/ ...
[00:00:52  +12ms] exit code: 0, signal: 0
[00:00:52  +18ms] $ mountpoint "/data/orange-ci/copy-on-write/l-souljourney~souljourney-astro~1928392548777652224/cnb-4u8-1jd53mf1c-001-qruof5/merged/" && umount "/data/orange-ci/copy-on-write/l-souljourney~souljourney-astro~1928392548777652224/cnb-4u8-1jd53mf1c-001-qruof5/merged/" || true
[00:00:52   +5ms] /data/orange-ci/copy-on-write/l-souljourney~souljourney-astro~1928392548777652224/cnb-4u8-1jd53mf1c-001-qruof5/merged/ is a mountpoint
[00:00:52   +7ms] exit code: 0, signal: 0
[00:00:53   +5ms] $ mountpoint "/data/orange-ci/copy-on-write/l-souljourney~souljourney-astro~1928392548777652224/cnb-4u8-1jd53mf1c-001-qruof5/merged/" || rm -rf  "/data/orange-ci/copy-on-write/l-souljourney~souljourney-astro~1928392548777652224/cnb-4u8-1jd53mf1c-001-qruof5/merged/" || true
[00:00:53  +41ms] /data/orange-ci/copy-on-write/l-souljourney~souljourney-astro~1928392548777652224/cnb-4u8-1jd53mf1c-001-qruof5/merged/ is not a mountpoint
[00:00:53  +20ms] exit code: 0, signal: 0
[00:00:53   +5ms] $ mountpoint "/data/orange-ci/copy-on-write/l-souljourney~souljourney-astro~1928392548777652224/cnb-4u8-1jd53mf1c-001-qruof5/merged/" || rm -rf  "/data/orange-ci/copy-on-write/l-souljourney~souljourney-astro~1928392548777652224/cnb-4u8-1jd53mf1c-001-qruof5/" || true
[00:00:53   +2ms] mountpoint: /data/orange-ci/copy-on-write/l-souljourney~souljourney-astro~1928392548777652224/cnb-4u8-1jd53mf1c-001-qruof5/merged/: No such file or directory
[00:00:53   +1ms] exit code: 0, signal: 0
[00:00:53   +5ms] $ rmdir -p -v /data/orange-ci/copy-on-write/l-souljourney~souljourney-astro~1928392548777652224/ || true
[00:00:53  +16ms] rmdir: removing directory, '/data/orange-ci/copy-on-write/l-souljourney~souljourney-astro~1928392548777652224/'
[00:00:53   +0ms] rmdir: failed to remove '/data/orange-ci/copy-on-write/l-souljourney~souljourney-astro~1928392548777652224/': Directory not empty
[00:00:53  +32ms] exit code: 0, signal: 0
[00:00:53  +21ms] latest: Pulling from orangeci/check-is-remote-debugging
[00:00:53   +3ms] $ mkdir /data/orange-ci/copy-on-write/l-souljourney~souljourney-astro~1928392548777652224/cnb-4u8-1jd53mf1c-001-qruof5//clearing || true
[00:00:53   +2ms] mkdir: cannot create directory '/data/orange-ci/copy-on-write/l-souljourney~souljourney-astro~1928392548777652224/cnb-4u8-1jd53mf1c-001-qruof5//clearing': No such file or directory
[00:00:53   +6ms] Digest: sha256:519a2e95ed0a11547c9d3e183028cb044d7bac3cb8317c6c14181a45c482e444
[00:00:53   +0ms] Status: Image is up to date for orangeci/check-is-remote-debugging:latest
[00:00:53   +3ms] docker.io/orangeci/check-is-remote-debugging:latest
[00:00:53  +11ms] exit code: 0, signal: 0
[00:00:53   +2ms] exit code: 0, signal: 0
[00:00:53  +17ms] $ echo "stop /data/orange-ci/copy-on-write/l-souljourney~souljourney-astro~1928392548777652224/cnb-4u8-1jd53mf1c-001-duqhm9/merged/ ..."
[00:00:53   +0ms] $ echo "1766477007844 orangeci/check-is-remote-debugging:latest 2025-12-23 04:03:27" >> /data/orange-ci/runner/docker-usage.txt
[00:00:53   +0ms] stop /data/orange-ci/copy-on-write/l-souljourney~souljourney-astro~1928392548777652224/cnb-4u8-1jd53mf1c-001-duqhm9/merged/ ...
[00:00:53  +28ms] exit code: 0, signal: 0
[00:00:53   +0ms] exit code: 0, signal: 0
[00:00:53  +21ms] $ mountpoint "/data/orange-ci/copy-on-write/l-souljourney~souljourney-astro~1928392548777652224/cnb-4u8-1jd53mf1c-001-duqhm9/merged/" && umount "/data/orange-ci/copy-on-write/l-souljourney~souljourney-astro~1928392548777652224/cnb-4u8-1jd53mf1c-001-duqhm9/merged/" || true
[00:00:53   +5ms] /data/orange-ci/copy-on-write/l-souljourney~souljourney-astro~1928392548777652224/cnb-4u8-1jd53mf1c-001-duqhm9/merged/ is a mountpoint
[00:00:53 +118ms] exit code: 0, signal: 0
[00:00:53  +59ms] $ mountpoint "/data/orange-ci/copy-on-write/l-souljourney~souljourney-astro~1928392548777652224/cnb-4u8-1jd53mf1c-001-duqhm9/merged/" || rm -rf  "/data/orange-ci/copy-on-write/l-souljourney~souljourney-astro~1928392548777652224/cnb-4u8-1jd53mf1c-001-duqhm9/merged/" || true
[00:00:53   +7ms] /data/orange-ci/copy-on-write/l-souljourney~souljourney-astro~1928392548777652224/cnb-4u8-1jd53mf1c-001-duqhm9/merged/ is not a mountpoint
[00:00:53   +2ms] exit code: 0, signal: 0
[00:00:53   +5ms] $ mountpoint "/data/orange-ci/copy-on-write/l-souljourney~souljourney-astro~1928392548777652224/cnb-4u8-1jd53mf1c-001-duqhm9/merged/" || rm -rf  "/data/orange-ci/copy-on-write/l-souljourney~souljourney-astro~1928392548777652224/cnb-4u8-1jd53mf1c-001-duqhm9/" || true
[00:00:53   +2ms] mountpoint: /data/orange-ci/copy-on-write/l-souljourney~souljourney-astro~1928392548777652224/cnb-4u8-1jd53mf1c-001-duqhm9/merged/: No such file or directory
[00:00:53   +1ms] exit code: 0, signal: 0
[00:00:53   +5ms] $ rmdir -p -v /data/orange-ci/copy-on-write/l-souljourney~souljourney-astro~1928392548777652224/ || true
[00:00:53   +1ms] rmdir: removing directory, '/data/orange-ci/copy-on-write/l-souljourney~souljourney-astro~1928392548777652224/'
[00:00:53   +0ms] rmdir: failed to remove '/data/orange-ci/copy-on-write/l-souljourney~souljourney-astro~1928392548777652224/': Directory not empty
[00:00:53  +32ms] exit code: 0, signal: 0
[00:00:53  +19ms] $ mkdir /data/orange-ci/copy-on-write/l-souljourney~souljourney-astro~1928392548777652224/cnb-4u8-1jd53mf1c-001-duqhm9//clearing || true
[00:00:53   +2ms] mkdir: cannot create directory '/data/orange-ci/copy-on-write/l-souljourney~souljourney-astro~1928392548777652224/cnb-4u8-1jd53mf1c-001-duqhm9//clearing': No such file or directory
[00:00:53  +81ms] exit code: 0, signal: 0
[00:00:53  +18ms] $ echo "stop /data/orange-ci/copy-on-write/l-souljourney~souljourney-astro~1928392548777652224/cnb-4u8-1jd53mf1c-001-beg1ig/merged/ ..."
[00:00:53   +1ms] stop /data/orange-ci/copy-on-write/l-souljourney~souljourney-astro~1928392548777652224/cnb-4u8-1jd53mf1c-001-beg1ig/merged/ ...
[00:00:53   +0ms] exit code: 0, signal: 0
[00:00:53   +6ms] $ mountpoint "/data/orange-ci/copy-on-write/l-souljourney~souljourney-astro~1928392548777652224/cnb-4u8-1jd53mf1c-001-beg1ig/merged/" && umount "/data/orange-ci/copy-on-write/l-souljourney~souljourney-astro~1928392548777652224/cnb-4u8-1jd53mf1c-001-beg1ig/merged/" || true
[00:00:53   +3ms] /data/orange-ci/copy-on-write/l-souljourney~souljourney-astro~1928392548777652224/cnb-4u8-1jd53mf1c-001-beg1ig/merged/ is a mountpoint
[00:00:53  +45ms] exit code: 0, signal: 0
[00:00:53  +14ms] $ mountpoint "/data/orange-ci/copy-on-write/l-souljourney~souljourney-astro~1928392548777652224/cnb-4u8-1jd53mf1c-001-beg1ig/merged/" || rm -rf  "/data/orange-ci/copy-on-write/l-souljourney~souljourney-astro~1928392548777652224/cnb-4u8-1jd53mf1c-001-beg1ig/merged/" || true
[00:00:53   +4ms] /data/orange-ci/copy-on-write/l-souljourney~souljourney-astro~1928392548777652224/cnb-4u8-1jd53mf1c-001-beg1ig/merged/ is not a mountpoint
[00:00:53  +29ms] exit code: 0, signal: 0
[00:00:53   +6ms] $ mountpoint "/data/orange-ci/copy-on-write/l-souljourney~souljourney-astro~1928392548777652224/cnb-4u8-1jd53mf1c-001-beg1ig/merged/" || rm -rf  "/data/orange-ci/copy-on-write/l-souljourney~souljourney-astro~1928392548777652224/cnb-4u8-1jd53mf1c-001-beg1ig/" || true
[00:00:53   +2ms] mountpoint: /data/orange-ci/copy-on-write/l-souljourney~souljourney-astro~1928392548777652224/cnb-4u8-1jd53mf1c-001-beg1ig/merged/: No such file or directory
[00:00:53   +1ms] exit code: 0, signal: 0
[00:00:53   +6ms] $ rmdir -p -v /data/orange-ci/copy-on-write/l-souljourney~souljourney-astro~1928392548777652224/ || true
[00:00:53   +2ms] rmdir: removing directory, '/data/orange-ci/copy-on-write/l-souljourney~souljourney-astro~1928392548777652224/'
[00:00:53   +0ms] rmdir: removing directory, '/data/orange-ci/copy-on-write'
[00:00:53   +0ms] rmdir: failed to remove directory '/data/orange-ci/copy-on-write': Directory not empty
[00:00:53   +0ms] exit code: 0, signal: 0
[00:00:53  +31ms] $ mkdir /data/orange-ci/copy-on-write/l-souljourney~souljourney-astro~1928392548777652224/cnb-4u8-1jd53mf1c-001-beg1ig//clearing || true
[00:00:53  +18ms] mkdir: cannot create directory '/data/orange-ci/copy-on-write/l-souljourney~souljourney-astro~1928392548777652224/cnb-4u8-1jd53mf1c-001-beg1ig//clearing': No such file or directory
[00:00:53  +24ms] exit code: 0, signal: 0
[00:00:53  +19ms] $ docker kill cnb-4u8-1jd53mf1c-001-pid-bus
[00:00:54 +220ms] cnb-4u8-1jd53mf1c-001-pid-bus
[00:00:54  +16ms] exit code: 0, signal: 0
[00:00:54  +10ms] $ docker run --rm --network host --pid=host --cap-add NET_ADMIN --cap-add SYS_ADMIN -v /var/run/docker.sock:/var/run/docker.sock --name cnb-4u8-1jd53mf1c-001-orange-tc-clean orangeci/orange-tc:latest -c cnb-4u8-1jd53mf1c-001-network-bus -m clean -d default:56Mbps -d 10.200.254.0/24:3Gbps -d 169.254.0.0/16:8Gbps -u default:56Mbps -u 10.200.254.0/24:1Gbps -u 169.254.0.0/16:8Gbps -a nsenter -b
[00:00:56  +2.0s] container: cnb-4u8-1jd53mf1c-001-network-bus
[00:00:56   +0ms] mode: clean
[00:00:56   +0ms] action: nsenter
[00:00:56   +0ms] batch: true
[00:00:56 +407ms] clean done
[00:00:57 +732ms] exit code: 0, signal: 0
[00:00:57  +59ms] $ docker kill cnb-4u8-1jd53mf1c-001-network-bus
[00:00:58  +1.0s] cnb-4u8-1jd53mf1c-001-network-bus
[00:00:58   +2ms] exit code: 0, signal: 0
[00:00:58  +85ms] $ mountpoint "/data/orange-ci/runner/1928392548777652224/cnb-4u8-1jd53mf1c-001/workspace" && umount "/data/orange-ci/runner/1928392548777652224/cnb-4u8-1jd53mf1c-001/workspace" || true
[00:00:58   +5ms] /data/orange-ci/runner/1928392548777652224/cnb-4u8-1jd53mf1c-001/workspace is a mountpoint
[00:00:58  +34ms] exit code: 0, signal: 0
[00:00:58  +20ms] $ mountpoint "/data/orange-ci/runner/1928392548777652224/cnb-4u8-1jd53mf1c-001/workspace" || rm -rf "/data/orange-ci/runner/1928392548777652224/cnb-4u8-1jd53mf1c-001/workspace" || true
[00:00:58  +29ms] /data/orange-ci/runner/1928392548777652224/cnb-4u8-1jd53mf1c-001/workspace is not a mountpoint
[00:00:58   +2ms] exit code: 0, signal: 0
[00:00:58  +20ms] $ mountpoint "/data/orange-ci/runner/1928392548777652224/cnb-4u8-1jd53mf1c-001/workspace" || rm -rf "/data/orange-ci/runner/1928392548777652224/cnb-4u8-1jd53mf1c-001" || true
[00:00:58   +2ms] mountpoint: /data/orange-ci/runner/1928392548777652224/cnb-4u8-1jd53mf1c-001/workspace: No such file or directory
[00:00:58  +16ms] exit code: 0, signal: 0
[00:00:58   +6ms] $ rmdir -p -v /data/orange-ci/runner/1928392548777652224 || true
[00:00:58   +2ms] rmdir: removing directory, '/data/orange-ci/runner/1928392548777652224'
[00:00:58   +0ms] rmdir: failed to remove '/data/orange-ci/runner/1928392548777652224': Directory not empty
[00:00:58  +42ms] exit code: 0, signal: 0
[00:00:58  +24ms] $ mkdir /data/orange-ci/runner/1928392548777652224/cnb-4u8-1jd53mf1c-001/clearing || true
[00:00:58  +18ms] mkdir: cannot create directory '/data/orange-ci/runner/1928392548777652224/cnb-4u8-1jd53mf1c-001/clearing': No such file or directory
[00:00:58  +52ms] exit code: 0, signal: 0
[00:00:58   +6ms] $ if [ -d '/sys/fs/cgroup/cpu/cnb-4u8-1jd53mf1c-001' ]; then cgdelete -r 'cpu:cnb-4u8-1jd53mf1c-001'; fi
[00:00:59 +391ms] exit code: 0, signal: 0
[00:00:59  +18ms] $ if [ -d '/sys/fs/cgroup/memory/cnb-4u8-1jd53mf1c-001' ]; then cgdelete -r 'memory:cnb-4u8-1jd53mf1c-001'; fi
[00:00:59 +126ms] exit code: 0, signal: 0
[00:00:59  +17ms] $ if [ -d '/sys/fs/cgroup/cpuset/cnb-4u8-1jd53mf1c-001' ]; then cgdelete -r 'cpuset:cnb-4u8-1jd53mf1c-001'; fi
[00:00:59  +63ms] exit code: 0, signal: 0
[00:00:59   +9ms] $ rmdir /sys/fs/cgroup/*/cnb-4u8-1jd53mf1c-001
[00:00:59  +94ms] rmdir: failed to remove '/sys/fs/cgroup/net_cls/cnb-4u8-1jd53mf1c-001': No such file or directory
[00:00:59   +0ms] rmdir: failed to remove '/sys/fs/cgroup/net_prio/cnb-4u8-1jd53mf1c-001': No such file or directory
[00:00:59  +51ms] exit code: 1, signal: -1
[00:00:59 +114ms] $ docker pull "cnbcool/clear-containers"
[00:00:59  +32ms] Using default tag: latest
[00:01:00 +662ms] latest: Pulling from cnbcool/clear-containers
[00:01:00  +25ms] Digest: sha256:812510bd6314d37a8a8e3281caf12fbc0c6bd064fb2fe9218d5eced545cf22a1
[00:01:00   +0ms] Status: Image is up to date for cnbcool/clear-containers:latest
[00:01:00   +3ms] docker.io/cnbcool/clear-containers:latest
[00:01:00  +16ms] exit code: 0, signal: 0
[00:01:00  +30ms] $ echo "1766477014920 cnbcool/clear-containers 2025-12-23 04:03:34" >> /data/orange-ci/runner/docker-usage.txt
[00:01:00  +18ms] exit code: 0, signal: 0
[00:01:00  +30ms] $ docker run --rm --network none -v /var/run/docker.sock:/var/run/docker.sock -v /orange-runner/log:/orange-runner/log -e PLUGIN_LOG_DIR="/orange-runner/log" -e PLUGIN_ID="cnb-4u8-1jd53mf1c-001" -e PLUGIN_TIMEOUT=72000000 cnbcool/clear-containers
[00:01:03  +3.4s] [32m[2025-12-23T08:03:38.388] [INFO] cnb-4u8-1jd53mf1c-001 - [39mno timeout containers
[00:01:04 +695ms] exit code: 0, signal: 0
[00:01:04  +31ms] $ find /data/orange-ci/runner/*/* -mindepth 0 -maxdepth 0 -type d -mmin +1200
[00:01:04  +18ms] exit code: 0, signal: 0
[00:01:04  +18ms] $ find /data/orange-ci/runner/*/*/clearing -mindepth 0 -maxdepth 0 -type d
[00:01:04   +2ms] find: '/data/orange-ci/runner/*/*/clearing': No such file or directory
[00:01:04  +37ms] exit code: 1, signal: -1
[00:01:04  +15ms] $ rm -rf "/data/orange-ci/tmp/cnb-4u8-1jd53mf1c-001/"
[00:01:04  +25ms] exit code: 0, signal: 0
